<?xml version="1.0" encoding="UTF-8"?>
<!-- Generated by org.testng.reporters.JUnitXMLReporter -->
<testsuite ignored="0" hostname="DESKTOP-C8J3BBC" failures="0" tests="6" name="Test" time="0.055" errors="0" timestamp="2021-08-25T15:55:02 UYT">
  <testcase classname="qaclickacademy.Mavenjava.RestAPITest" name="DeleteTwitter" time="0.004"/>
  <testcase classname="qaclickacademy.Mavenjava.RestAPITest" name="PostJira" time="0.0"/>
  <testcase classname="qaclickacademy.Mavenjava.AppiumTest" name="IOSApps" time="0.0"/>
  <testcase classname="qaclickacademy.Mavenjava.AppiumTest" name="NativeAppAndroid" time="0.001"/>
  <testcase classname="qaclickacademy.Mavenjava.SeleniumTest" name="BrowserAutomation" time="0.0"/>
  <testcase classname="qaclickacademy.Mavenjava.SeleniumTest" name="ELementsUi" time="0.0"/>
</testsuite> <!-- Test -->
