<?xml version="1.0" encoding="UTF-8"?>
<testng-results ignored="0" total="6" passed="6" failed="0" skipped="0">
  <reporter-output>
  </reporter-output>
  <suite started-at="2021-08-25T15:55:02 UYT" name="Suite" finished-at="2021-08-25T15:55:02 UYT" duration-ms="55">
    <groups>
    </groups>
    <test started-at="2021-08-25T15:55:02 UYT" name="Test" finished-at="2021-08-25T15:55:02 UYT" duration-ms="55">
      <class name="qaclickacademy.Mavenjava.RestAPITest">
        <test-method signature="DeleteTwitter()[pri:0, instance:qaclickacademy.Mavenjava.RestAPITest@5136d012]" started-at="2021-08-25T15:55:02 UYT" name="DeleteTwitter" finished-at="2021-08-25T15:55:02 UYT" duration-ms="4" status="PASS">
          <reporter-output>
          </reporter-output>
        </test-method> <!-- DeleteTwitter -->
        <test-method signature="PostJira()[pri:0, instance:qaclickacademy.Mavenjava.RestAPITest@5136d012]" started-at="2021-08-25T15:55:02 UYT" name="PostJira" finished-at="2021-08-25T15:55:02 UYT" duration-ms="0" status="PASS">
          <reporter-output>
          </reporter-output>
        </test-method> <!-- PostJira -->
      </class> <!-- qaclickacademy.Mavenjava.RestAPITest -->
      <class name="qaclickacademy.Mavenjava.AppiumTest">
        <test-method signature="NativeAppAndroid()[pri:0, instance:qaclickacademy.Mavenjava.AppiumTest@4d910fd6]" started-at="2021-08-25T15:55:02 UYT" name="NativeAppAndroid" finished-at="2021-08-25T15:55:02 UYT" duration-ms="1" status="PASS">
          <reporter-output>
          </reporter-output>
        </test-method> <!-- NativeAppAndroid -->
        <test-method signature="IOSApps()[pri:0, instance:qaclickacademy.Mavenjava.AppiumTest@4d910fd6]" started-at="2021-08-25T15:55:02 UYT" name="IOSApps" finished-at="2021-08-25T15:55:02 UYT" duration-ms="0" status="PASS">
          <reporter-output>
          </reporter-output>
        </test-method> <!-- IOSApps -->
      </class> <!-- qaclickacademy.Mavenjava.AppiumTest -->
      <class name="qaclickacademy.Mavenjava.SeleniumTest">
        <test-method signature="BrowserAutomation()[pri:0, instance:qaclickacademy.Mavenjava.SeleniumTest@26275bef]" started-at="2021-08-25T15:55:02 UYT" name="BrowserAutomation" finished-at="2021-08-25T15:55:02 UYT" duration-ms="0" status="PASS">
          <reporter-output>
          </reporter-output>
        </test-method> <!-- BrowserAutomation -->
        <test-method signature="ELementsUi()[pri:0, instance:qaclickacademy.Mavenjava.SeleniumTest@26275bef]" started-at="2021-08-25T15:55:02 UYT" name="ELementsUi" finished-at="2021-08-25T15:55:02 UYT" duration-ms="0" status="PASS">
          <reporter-output>
          </reporter-output>
        </test-method> <!-- ELementsUi -->
      </class> <!-- qaclickacademy.Mavenjava.SeleniumTest -->
    </test> <!-- Test -->
  </suite> <!-- Suite -->
</testng-results>
